<?xml version="1.0" encoding="UTF-8"?>
<TestRun id="b85fd9c2-963d-43dd-bff4-f9d5523864d0" name="Nilesh@NILESH-PC 2011-05-17 12:38:28" runUser="Nilesh-PC\Nilesh" xmlns="http://microsoft.com/schemas/VisualStudio/TeamTest/2010">
  <TestSettings name="Local" id="b20321e7-a8ee-437f-9987-ce365a618af3">
    <Description>These are default test settings for a local test run.</Description>
    <Deployment enabled="false" runDeploymentRoot="Nilesh_NILESH-PC 2011-05-17 12_38_28">
      <DeploymentItem filename="C:\Silverlight\MVVMLightGettingStarted\packages\MvvmLight.3.0.2\lib\SL4\GalaSoft.MvvmLight.SL4.dll" />
      <DeploymentItem filename="C:\Silverlight\MVVMLightGettingStarted\packages\RhinoMocks.3.6\lib\Rhino.Mocks.dll" />
      <DeploymentItem filename="C:\Program Files (x86)\Reference Assemblies\Microsoft\Framework\.NETFramework\v4.0\system.dll" />
    </Deployment>
    <Execution>
      <TestTypeSpecific />
      <AgentRule name="Execution Agents">
      </AgentRule>
    </Execution>
  </TestSettings>
  <Times creation="2011-05-17T12:38:28.4120848+08:00" queuing="2011-05-17T12:38:28.4240855+08:00" start="2011-05-17T12:38:28.4310859+08:00" finish="2011-05-17T12:38:28.8321089+08:00" />
  <ResultSummary outcome="Failed">
    <Counters total="1" executed="1" error="0" failed="1" timeout="0" aborted="0" inconclusive="0" passedButRunAborted="0" notRunnable="0" notExecuted="0" disconnected="0" warning="0" passed="0" completed="0" inProgress="0" pending="0" />
  </ResultSummary>
  <TestDefinitions>
    <UnitTest name="ConstructorTest" storage="c:\silverlight\mvvmlightgettingstarted\viewmodel.test\bin\debug\viewmodel.test.dll" id="14da30da-3852-c989-a4fe-f3326e541718">
      <Execution id="b0f69880-31b8-41f2-a3ea-1605ac060ddb" />
      <TestMethod codeBase="C:/Silverlight/MVVMLightGettingStarted/ViewModel.Test/bin/Debug/ViewModel.Test.DLL" adapterTypeName="Microsoft.VisualStudio.TestTools.TestTypes.Unit.UnitTestAdapter, Microsoft.VisualStudio.QualityTools.Tips.UnitTest.Adapter, Version=10.0.0.0, Culture=neutral, PublicKeyToken=b03f5f7f11d50a3a" className="ViewModel.Test.MainViewModelTest, ViewModel.Test, Version=1.0.0.0, Culture=neutral, PublicKeyToken=null" name="ConstructorTest" />
    </UnitTest>
  </TestDefinitions>
  <TestLists>
    <TestList name="Results Not in a List" id="8c84fa94-04c1-424b-9868-57a2d4851a1d" />
    <TestList name="All Loaded Results" id="19431567-8539-422a-85d7-44ee4e166bda" />
  </TestLists>
  <TestEntries>
    <TestEntry testId="14da30da-3852-c989-a4fe-f3326e541718" executionId="b0f69880-31b8-41f2-a3ea-1605ac060ddb" testListId="8c84fa94-04c1-424b-9868-57a2d4851a1d" />
  </TestEntries>
  <Results>
    <UnitTestResult executionId="b0f69880-31b8-41f2-a3ea-1605ac060ddb" testId="14da30da-3852-c989-a4fe-f3326e541718" testName="ConstructorTest" computerName="NILESH-PC" duration="00:00:00.1407028" startTime="2011-05-17T12:38:28.4360862+08:00" endTime="2011-05-17T12:38:28.8161079+08:00" testType="13cdc9d9-ddb5-4fa4-a97d-d965ccfc6d4b" outcome="Failed" testListId="8c84fa94-04c1-424b-9868-57a2d4851a1d" relativeResultsDirectory="b0f69880-31b8-41f2-a3ea-1605ac060ddb">
      <Output>
        <ErrorInfo>
          <Message>Initialization method ViewModel.Test.MainViewModelTest.Setup threw exception. System.IO.FileNotFoundException: System.IO.FileNotFoundException: Could not load file or assembly 'System.Windows, Version=2.0.5.0, Culture=neutral, PublicKeyToken=7cec85d7bea7798e' or one of its dependencies. The system cannot find the file specified.WRN: Assembly binding logging is turned OFF.
To enable assembly bind failure logging, set the registry value [HKLM\Software\Microsoft\Fusion!EnableLog] (DWORD) to 1.
Note: There is some performance penalty associated with assembly bind failure logging.
To turn this feature off, remove the registry value [HKLM\Software\Microsoft\Fusion!EnableLog].
.</Message>
          <StackTrace>    at ViewModels.MainViewModel..ctor(IDialogService dialogService)
   at ViewModel.Test.MainViewModelTest.Setup() in C:\Silverlight\MVVMLightGettingStarted\ViewModel.Test\MainViewModelTest.cs:line 21
</StackTrace>
        </ErrorInfo>
      </Output>
    </UnitTestResult>
  </Results>
</TestRun>