<?xml version="1.0" encoding="UTF-8"?>
<TestRun id="da3c42f0-cd4a-4f5b-b760-787a37b36365" name="Nilesh@NILESH-PC 2011-05-17 17:21:07" runUser="Nilesh-PC\Nilesh" xmlns="http://microsoft.com/schemas/VisualStudio/TeamTest/2010">
  <TestSettings name="Local" id="b20321e7-a8ee-437f-9987-ce365a618af3">
    <Description>These are default test settings for a local test run.</Description>
    <Deployment runDeploymentRoot="Nilesh_NILESH-PC 2011-05-17 17_21_07">
      <DeploymentItem filename="C:\Silverlight\MVVMLightGettingStarted\packages\MvvmLight.3.0.2\lib\SL4\GalaSoft.MvvmLight.SL4.dll" />
      <DeploymentItem filename="C:\Silverlight\MVVMLightGettingStarted\packages\RhinoMocks.3.6\lib\Rhino.Mocks.dll" />
      <DeploymentItem filename="C:\Program Files (x86)\Reference Assemblies\Microsoft\Framework\Silverlight\v4.0\System.Windows.dll" />
      <DeploymentItem filename="C:\Program Files (x86)\Reference Assemblies\Microsoft\Framework\.NETFramework\v4.0\system.dll" />
    </Deployment>
    <Execution>
      <TestTypeSpecific>
        <UnitTestRunConfig testTypeId="13cdc9d9-ddb5-4fa4-a97d-d965ccfc6d4b">
          <AssemblyResolution>
            <TestDirectory useLoadContext="true" />
          </AssemblyResolution>
        </UnitTestRunConfig>
        <WebTestRunConfiguration testTypeId="4e7599fa-5ecb-43e9-a887-cd63cf72d207">
          <Browser name="Internet Explorer 7.0">
            <Headers>
              <Header name="User-Agent" value="Mozilla/4.0 (compatible; MSIE 7.0; Windows NT 5.1)" />
              <Header name="Accept" value="*/*" />
              <Header name="Accept-Language" value="{{$IEAcceptLanguage}}" />
              <Header name="Accept-Encoding" value="GZIP" />
            </Headers>
          </Browser>
        </WebTestRunConfiguration>
      </TestTypeSpecific>
      <AgentRule name="LocalMachineDefaultRole">
        <DataCollectors>
          <DataCollector uri="datacollector://microsoft/CodeCoverage/1.0" assemblyQualifiedName="Microsoft.VisualStudio.TestTools.CodeCoverage.CoveragePlugIn, Microsoft.VisualStudio.QualityTools.Plugins.CodeCoverage, Version=10.0.0.0, Culture=neutral, PublicKeyToken=b03f5f7f11d50a3a" friendlyName="Code Coverage">
            <Configuration>
              <CodeCoverage xmlns="">
                <Regular>
                  <CodeCoverageItem binaryFile="C:\Silverlight\MVVMLightGettingStarted\ViewModels\Bin\Debug\ViewModels.dll" pdbFile="C:\Silverlight\MVVMLightGettingStarted\ViewModels\Bin\Debug\ViewModels.instr.pdb" instrumentInPlace="true" />
                </Regular>
              </CodeCoverage>
            </Configuration>
          </DataCollector>
        </DataCollectors>
      </AgentRule>
    </Execution>
  </TestSettings>
  <Times creation="2011-05-17T17:21:07.1965703+08:00" queuing="2011-05-17T17:21:07.8536079+08:00" start="2011-05-17T17:21:07.9106112+08:00" finish="2011-05-17T17:21:11.1847985+08:00" />
  <ResultSummary outcome="Failed">
    <Counters total="2" executed="2" passed="1" error="0" failed="1" timeout="0" aborted="0" inconclusive="0" passedButRunAborted="0" notRunnable="0" notExecuted="0" disconnected="0" warning="0" completed="0" inProgress="0" pending="0" />
    <RunInfos>
      <RunInfo computerName="NILESH-PC" outcome="Warning" timestamp="2011-05-17T17:21:07.8516078+08:00">
        <Text>Warning: Test Run deployment issue: The assembly or module 'System.Xml' directly or indirectly referenced by the test container 'c:\silverlight\mvvmlightgettingstarted\viewmodel.test\bin\debug\viewmodel.test.dll' was not found.</Text>
      </RunInfo>
    </RunInfos>
    <ResultFiles>
      <ResultFile path="NILESH-PC\data.coverage" />
    </ResultFiles>
  </ResultSummary>
  <TestDefinitions>
    <UnitTest name="MainViewModel_WhenSearchTextIsSet_ReturnHasTextAsTrueTest" storage="c:\silverlight\mvvmlightgettingstarted\viewmodel.test\bin\debug\viewmodel.test.dll" id="86734be6-54e4-f5a3-3893-4e2c849904eb">
      <Execution id="fd1e866f-707a-4f53-b343-ce62f7e8ca7c" />
      <TestMethod codeBase="C:/Silverlight/MVVMLightGettingStarted/ViewModel.Test/bin/Debug/ViewModel.Test.DLL" adapterTypeName="Microsoft.VisualStudio.TestTools.TestTypes.Unit.UnitTestAdapter, Microsoft.VisualStudio.QualityTools.Tips.UnitTest.Adapter, Version=10.0.0.0, Culture=neutral, PublicKeyToken=b03f5f7f11d50a3a" className="ViewModel.Test.MainViewModelTest, ViewModel.Test, Version=1.0.0.0, Culture=neutral, PublicKeyToken=null" name="MainViewModel_WhenSearchTextIsSet_ReturnHasTextAsTrueTest" />
    </UnitTest>
    <UnitTest name="ConstructorTest" storage="c:\silverlight\mvvmlightgettingstarted\viewmodel.test\bin\debug\viewmodel.test.dll" id="14da30da-3852-c989-a4fe-f3326e541718">
      <Execution id="82e025ee-5000-40c7-9b82-1528cc907c0e" />
      <TestMethod codeBase="C:/Silverlight/MVVMLightGettingStarted/ViewModel.Test/bin/Debug/ViewModel.Test.DLL" adapterTypeName="Microsoft.VisualStudio.TestTools.TestTypes.Unit.UnitTestAdapter, Microsoft.VisualStudio.QualityTools.Tips.UnitTest.Adapter, Version=10.0.0.0, Culture=neutral, PublicKeyToken=b03f5f7f11d50a3a" className="ViewModel.Test.MainViewModelTest, ViewModel.Test, Version=1.0.0.0, Culture=neutral, PublicKeyToken=null" name="ConstructorTest" />
    </UnitTest>
  </TestDefinitions>
  <TestLists>
    <TestList name="Results Not in a List" id="8c84fa94-04c1-424b-9868-57a2d4851a1d" />
    <TestList name="All Loaded Results" id="19431567-8539-422a-85d7-44ee4e166bda" />
  </TestLists>
  <TestEntries>
    <TestEntry testId="14da30da-3852-c989-a4fe-f3326e541718" executionId="82e025ee-5000-40c7-9b82-1528cc907c0e" testListId="8c84fa94-04c1-424b-9868-57a2d4851a1d" />
    <TestEntry testId="86734be6-54e4-f5a3-3893-4e2c849904eb" executionId="fd1e866f-707a-4f53-b343-ce62f7e8ca7c" testListId="8c84fa94-04c1-424b-9868-57a2d4851a1d" />
  </TestEntries>
  <Results>
    <UnitTestResult executionId="82e025ee-5000-40c7-9b82-1528cc907c0e" testId="14da30da-3852-c989-a4fe-f3326e541718" testName="ConstructorTest" computerName="NILESH-PC" duration="00:00:00.2037047" startTime="2011-05-17T17:21:08.6966561+08:00" endTime="2011-05-17T17:21:09.2896901+08:00" testType="13cdc9d9-ddb5-4fa4-a97d-d965ccfc6d4b" outcome="Passed" testListId="8c84fa94-04c1-424b-9868-57a2d4851a1d" relativeResultsDirectory="82e025ee-5000-40c7-9b82-1528cc907c0e">
    </UnitTestResult>
    <UnitTestResult executionId="fd1e866f-707a-4f53-b343-ce62f7e8ca7c" testId="86734be6-54e4-f5a3-3893-4e2c849904eb" testName="MainViewModel_WhenSearchTextIsSet_ReturnHasTextAsTrueTest" computerName="NILESH-PC" duration="00:00:00.0256451" startTime="2011-05-17T17:21:09.2936903+08:00" endTime="2011-05-17T17:21:09.3256921+08:00" testType="13cdc9d9-ddb5-4fa4-a97d-d965ccfc6d4b" outcome="Failed" testListId="8c84fa94-04c1-424b-9868-57a2d4851a1d" relativeResultsDirectory="fd1e866f-707a-4f53-b343-ce62f7e8ca7c">
      <Output>
        <ErrorInfo>
          <Message>Assert.IsTrue failed. </Message>
          <StackTrace>   at ViewModel.Test.MainViewModelTest.MainViewModel_WhenSearchTextIsSet_ReturnHasTextAsTrueTest() in C:\Silverlight\MVVMLightGettingStarted\ViewModel.Test\MainViewModelTest.cs:line 38
</StackTrace>
        </ErrorInfo>
      </Output>
    </UnitTestResult>
  </Results>
</TestRun>